[     189ms] [ERROR] Failed to load resource: the server responded with a status of 403 () @ https://www.indeed.com/jobs?q=data+analyst&latLong=41.44472%2C-81.81190&locString=Cleveland%2C+OH%2C+44111&from=searchOnHP%2CsearchSuggestions%2CwhatautocompleteSourceSimba&vjk=52e83c84a2ecbf02:0
[     396ms] [ERROR] Failed to load resource: net::ERR_BLOCKED_BY_RESPONSE.NotSameOriginAfterDefaultedToSameOriginByCoep @ https://t.indeed.com/signals/v1/log?signalAppId=cloudflare-static-pages&from=cloudflare-static-pages--captcha:0
[     534ms] [ERROR] Failed to load resource: net::ERR_BLOCKED_BY_RESPONSE.NotSameOriginAfterDefaultedToSameOriginByCoep @ https://t.indeed.com/signals/v1/log?signalAppId=cloudflare-static-pages&from=cloudflare-static-pages--captcha:0
[     765ms] [ERROR] Access to XMLHttpRequest at 'https://cloudflareinsights.com/cdn-cgi/rum' from origin 'https://www.indeed.com' has been blocked by CORS policy: No 'Access-Control-Allow-Origin' header is present on the requested resource. @ https://www.indeed.com/jobs?q=data+analyst&latLong=41.44472%2C-81.81190&locString=Cleveland%2C+OH%2C+44111&from=searchOnHP%2CsearchSuggestions%2CwhatautocompleteSourceSimba&vjk=52e83c84a2ecbf02:0
[     765ms] [ERROR] Failed to load resource: net::ERR_FAILED @ https://cloudflareinsights.com/cdn-cgi/rum:0
[    1584ms] [ERROR] Failed to load resource: the server responded with a status of 401 () @ https://challenges.cloudflare.com/cdn-cgi/challenge-platform/h/g/pat/9cc5e19ac9e1e9b7/1770834247297/313f49f035bcc8645fff5fa099b075a84983400ad8ddaa48f7b574c73f8f85d0/_hhqK1fPM9Q4Y2i:0
[    2298ms] [ERROR] %c%d font-size:0;color:transparent NaN @ https://challenges.cloudflare.com/cdn-cgi/challenge-platform/h/g/turnstile/f/ov2/av0/rch/0eb8s/0x4AAAAAAADnPIDROrmt1Wwj/light/fbE/new/normal?lang=auto:0
[    2298ms] [ERROR] %c%d font-size:0;color:transparent NaN @ https://challenges.cloudflare.com/cdn-cgi/challenge-platform/h/g/turnstile/f/ov2/av0/rch/0eb8s/0x4AAAAAAADnPIDROrmt1Wwj/light/fbE/new/normal?lang=auto:0
[    2299ms] [WARNING] %c%d font-size:0;color:transparent NaN @ https://challenges.cloudflare.com/cdn-cgi/challenge-platform/h/g/turnstile/f/ov2/av0/rch/0eb8s/0x4AAAAAAADnPIDROrmt1Wwj/light/fbE/new/normal?lang=auto:0
[    2300ms] [WARNING] %c%d font-size:0;color:transparent NaN @ https://challenges.cloudflare.com/cdn-cgi/challenge-platform/h/g/turnstile/f/ov2/av0/rch/0eb8s/0x4AAAAAAADnPIDROrmt1Wwj/light/fbE/new/normal?lang=auto:0
[    2463ms] [ERROR]  Note that 'script-src' was not explicitly set, so 'default-src' is used as a fallback. @ https://challenges.cloudflare.com/cdn-cgi/challenge-platform/h/g/turnstile/f/ov2/av0/rch/0eb8s/0x4AAAAAAADnPIDROrmt1Wwj/light/fbE/new/normal?lang=auto:0
[    8902ms] [ERROR] Access to fetch at 'https://s.indeed.com/com.snowplowanalytics.snowplow/tp2' from origin 'https://www.indeed.com' has been blocked by CORS policy: Response to preflight request doesn't pass access control check: No 'Access-Control-Allow-Origin' header is present on the requested resource. @ https://www.indeed.com/jobs?q=data+analyst&latLong=41.44472%2C-81.81190&locString=Cleveland%2C+OH%2C+44111&from=searchOnHP%2CsearchSuggestions%2CwhatautocompleteSourceSimba&vjk=52e83c84a2ecbf02:0
[    8904ms] [ERROR] Failed to load resource: net::ERR_FAILED @ https://s.indeed.com/com.snowplowanalytics.snowplow/tp2:0
[    9621ms] [WARNING] [GSI_LOGGER]: Your client application uses one of the Google One Tap prompt UI status methods that may stop functioning when FedCM becomes mandatory. Refer to the migration guide to update your code accordingly and opt-in to FedCM to test your changes. Learn more: https://developers.google.com/identity/gsi/web/guides/fedcm-migration?s=dc#display_moment and https://developers.google.com/identity/gsi/web/guides/fedcm-migration?s=dc#skipped_moment @ https://accounts.google.com/gsi/client:80
[    9672ms] [ERROR] Not signed in with the identity provider. @ https://www.indeed.com/jobs?q=data+analyst&latLong=41.44472%2C-81.81190&locString=Cleveland%2C+OH%2C+44111&from=searchOnHP%2CsearchSuggestions%2CwhatautocompleteSourceSimba&vjk=52e83c84a2ecbf02:0
[   10808ms] [ERROR]  Note that 'script-src' was not explicitly set, so 'default-src' is used as a fallback. @ https://challenges.cloudflare.com/cdn-cgi/challenge-platform/h/g/turnstile/f/ov2/av0/rch/4ekze/0x4AAAAAAAxcdCS90IQZX-oi/auto/fbE/new/normal?lang=auto:0
[   11128ms] [ERROR] Failed to load resource: the server responded with a status of 401 () @ https://challenges.cloudflare.com/cdn-cgi/challenge-platform/h/g/pat/9cc5e1d3cf5fe9b7/1770834256374/a60b7bdd1009f4e2a8aa7ab9fc89444e15745c5e292f42d0e43aa3fe45a4c098/tvlV2EbET_2mOBP:0
[   11210ms] [ERROR] %c%d font-size:0;color:transparent NaN @ https://challenges.cloudflare.com/cdn-cgi/challenge-platform/h/g/turnstile/f/ov2/av0/rch/4ekze/0x4AAAAAAAxcdCS90IQZX-oi/auto/fbE/new/normal?lang=auto:0
[   11210ms] [ERROR] %c%d font-size:0;color:transparent NaN @ https://challenges.cloudflare.com/cdn-cgi/challenge-platform/h/g/turnstile/f/ov2/av0/rch/4ekze/0x4AAAAAAAxcdCS90IQZX-oi/auto/fbE/new/normal?lang=auto:0
[   11213ms] [WARNING] %c%d font-size:0;color:transparent NaN @ https://challenges.cloudflare.com/cdn-cgi/challenge-platform/h/g/turnstile/f/ov2/av0/rch/4ekze/0x4AAAAAAAxcdCS90IQZX-oi/auto/fbE/new/normal?lang=auto:0
[   11213ms] [WARNING] %c%d font-size:0;color:transparent NaN @ https://challenges.cloudflare.com/cdn-cgi/challenge-platform/h/g/turnstile/f/ov2/av0/rch/4ekze/0x4AAAAAAAxcdCS90IQZX-oi/auto/fbE/new/normal?lang=auto:0
[   13318ms] [ERROR] Access to fetch at 'https://s.indeed.com/com.snowplowanalytics.snowplow/tp2' from origin 'https://www.indeed.com' has been blocked by CORS policy: Response to preflight request doesn't pass access control check: No 'Access-Control-Allow-Origin' header is present on the requested resource. @ https://www.indeed.com/jobs?q=data+analyst&latLong=41.44472%2C-81.81190&locString=Cleveland%2C+OH%2C+44111&from=searchOnHP%2CsearchSuggestions%2CwhatautocompleteSourceSimba&vjk=52e83c84a2ecbf02:0
[   13319ms] [ERROR] Failed to load resource: net::ERR_FAILED @ https://s.indeed.com/com.snowplowanalytics.snowplow/tp2:0
[   13337ms] [WARNING] The resource https://c03.s3.indeed.com/smart-apply/indeedapply/obf/b744bb9d6d8f07b1749b/scripts/formVendor.js was preloaded using link preload but not used within a few seconds from the window's load event. Please make sure it has an appropriate `as` value and it is preloaded intentionally. @ https://us.smartapply.indeed.com/beta/indeedapply/preloadresumeapply:0
[   13337ms] [WARNING] The resource https://c03.s3.indeed.com/smart-apply/indeedapply/obf/scripts/sd-applyRemoteEntry.3b28d85ea73e0e50c398.js was preloaded using link preload but not used within a few seconds from the window's load event. Please make sure it has an appropriate `as` value and it is preloaded intentionally. @ https://us.smartapply.indeed.com/beta/indeedapply/preloadresumeapply:0
[   13337ms] [WARNING] The resource https://c03.s3.indeed.com/smart-apply/indeedapply/obf/088c29616b18c3ecc849/styles/applyForm-janus.css was preloaded using link preload but not used within a few seconds from the window's load event. Please make sure it has an appropriate `as` value and it is preloaded intentionally. @ https://us.smartapply.indeed.com/beta/indeedapply/preloadresumeapply:0
[   13337ms] [WARNING] The resource https://c03.s3.indeed.com/smart-apply/indeedapply/obf/43c781c21c7b12502356/scripts/i18n/en_US.min.js was preloaded using link preload but not used within a few seconds from the window's load event. Please make sure it has an appropriate `as` value and it is preloaded intentionally. @ https://us.smartapply.indeed.com/beta/indeedapply/preloadresumeapply:0
[   14276ms] [WARNING] The resource https://challenges.cloudflare.com/cdn-cgi/challenge-platform/h/g/cmg/1 was preloaded using link preload but not used within a few seconds from the window's load event. Please make sure it has an appropriate `as` value and it is preloaded intentionally. @ https://challenges.cloudflare.com/cdn-cgi/challenge-platform/h/g/turnstile/f/ov2/av0/rch/4ekze/0x4AAAAAAAxcdCS90IQZX-oi/auto/fbE/new/normal?lang=auto:0
[   17365ms] [WARNING] The resource https://challenges.cloudflare.com/cdn-cgi/challenge-platform/h/g/cmg/1 was preloaded using link preload but not used within a few seconds from the window's load event. Please make sure it has an appropriate `as` value and it is preloaded intentionally. @ https://challenges.cloudflare.com/cdn-cgi/challenge-platform/h/g/turnstile/f/ov2/av0/rch/4ekze/0x4AAAAAAAxcdCS90IQZX-oi/auto/fbE/new/normal?lang=auto:0
[   17958ms] [ERROR] [GSI_LOGGER]: FedCM get() rejects with NetworkError: Error retrieving a token. @ https://accounts.google.com/gsi/client:81
[   23310ms] [ERROR] Access to fetch at 'https://s.indeed.com/com.snowplowanalytics.snowplow/tp2' from origin 'https://www.indeed.com' has been blocked by CORS policy: Response to preflight request doesn't pass access control check: No 'Access-Control-Allow-Origin' header is present on the requested resource. @ https://www.indeed.com/jobs?q=data+analyst&latLong=41.44472%2C-81.81190&locString=Cleveland%2C+OH%2C+44111&from=searchOnHP%2CsearchSuggestions%2CwhatautocompleteSourceSimba&vjk=52e83c84a2ecbf02:0
[   23311ms] [ERROR] Failed to load resource: net::ERR_FAILED @ https://s.indeed.com/com.snowplowanalytics.snowplow/tp2:0
[   27451ms] [ERROR] Access to fetch at 'https://s.indeed.com/com.snowplowanalytics.snowplow/tp2' from origin 'https://www.indeed.com' has been blocked by CORS policy: Response to preflight request doesn't pass access control check: No 'Access-Control-Allow-Origin' header is present on the requested resource. @ https://www.indeed.com/jobs?q=data+analyst&latLong=41.44472%2C-81.81190&locString=Cleveland%2C+OH%2C+44111&from=searchOnHP%2CsearchSuggestions%2CwhatautocompleteSourceSimba&vjk=52e83c84a2ecbf02:0
[   27451ms] [ERROR] Failed to load resource: net::ERR_FAILED @ https://s.indeed.com/com.snowplowanalytics.snowplow/tp2:0
[   33319ms] [ERROR] Access to fetch at 'https://s.indeed.com/com.snowplowanalytics.snowplow/tp2' from origin 'https://www.indeed.com' has been blocked by CORS policy: Response to preflight request doesn't pass access control check: No 'Access-Control-Allow-Origin' header is present on the requested resource. @ https://www.indeed.com/jobs?q=data+analyst&latLong=41.44472%2C-81.81190&locString=Cleveland%2C+OH%2C+44111&from=searchOnHP%2CsearchSuggestions%2CwhatautocompleteSourceSimba&vjk=52e83c84a2ecbf02:0
[   33319ms] [ERROR] Failed to load resource: net::ERR_FAILED @ https://s.indeed.com/com.snowplowanalytics.snowplow/tp2:0
[   43316ms] [ERROR] Access to fetch at 'https://s.indeed.com/com.snowplowanalytics.snowplow/tp2' from origin 'https://www.indeed.com' has been blocked by CORS policy: Response to preflight request doesn't pass access control check: No 'Access-Control-Allow-Origin' header is present on the requested resource. @ https://www.indeed.com/jobs?q=data+analyst&latLong=41.44472%2C-81.81190&locString=Cleveland%2C+OH%2C+44111&from=searchOnHP%2CsearchSuggestions%2CwhatautocompleteSourceSimba&vjk=52e83c84a2ecbf02:0
[   43316ms] [ERROR] Failed to load resource: net::ERR_FAILED @ https://s.indeed.com/com.snowplowanalytics.snowplow/tp2:0
[   83464ms] [ERROR] Access to fetch at 'https://s.indeed.com/com.snowplowanalytics.snowplow/tp2' from origin 'https://www.indeed.com' has been blocked by CORS policy: Response to preflight request doesn't pass access control check: No 'Access-Control-Allow-Origin' header is present on the requested resource. @ https://www.indeed.com/jobs?q=data+analyst&latLong=41.44472%2C-81.81190&locString=Cleveland%2C+OH%2C+44111&from=searchOnHP%2CsearchSuggestions%2CwhatautocompleteSourceSimba&vjk=52e83c84a2ecbf02:0
[   83464ms] [ERROR] Failed to load resource: net::ERR_FAILED @ https://s.indeed.com/com.snowplowanalytics.snowplow/tp2:0
[  143318ms] [ERROR] Access to fetch at 'https://s.indeed.com/com.snowplowanalytics.snowplow/tp2' from origin 'https://www.indeed.com' has been blocked by CORS policy: Response to preflight request doesn't pass access control check: No 'Access-Control-Allow-Origin' header is present on the requested resource. @ https://www.indeed.com/jobs?q=data+analyst&latLong=41.44472%2C-81.81190&locString=Cleveland%2C+OH%2C+44111&from=searchOnHP%2CsearchSuggestions%2CwhatautocompleteSourceSimba&vjk=52e83c84a2ecbf02:0
[  143319ms] [ERROR] Failed to load resource: net::ERR_FAILED @ https://s.indeed.com/com.snowplowanalytics.snowplow/tp2:0
